апр. 26, 2024 10:22:18 AM com.example.datecalculator.logger.AspectLogger logBeforeServiceCommand
INFO: Running method getAllTags with args []
апр. 26, 2024 10:22:18 AM com.example.datecalculator.logger.AspectLogger logAfterServiceCommand
INFO: Result of getAllTags: success 
апр. 26, 2024 10:22:29 AM com.example.datecalculator.logger.AspectLogger logBeforeServiceCommand
INFO: Running method findById with args [10]
апр. 26, 2024 10:22:29 AM com.example.datecalculator.logger.AspectLogger logAfterError
WARNING: Error while running findById with args [10]: Invalid info provided
апр. 26, 2024 10:22:29 AM com.example.datecalculator.logger.AspectLogger logAfterError
WARNING: Error while running getTagById with args [10]: Invalid info provided
апр. 26, 2024 10:22:52 AM com.example.datecalculator.logger.AspectLogger logBeforeServiceCommand
INFO: Running method addTag with args [com.example.datecalculator.dto.TagDto@358f11bf]
апр. 26, 2024 10:22:52 AM com.example.datecalculator.logger.AspectLogger logAfterError
WARNING: Error while running addTag with args [com.example.datecalculator.dto.TagDto@358f11bf]: Invalid info provided
апр. 26, 2024 10:22:52 AM com.example.datecalculator.logger.AspectLogger logAfterError
WARNING: Error while running addTag with args [com.example.datecalculator.dto.TagDto@358f11bf]: Invalid info provided
апр. 26, 2024 10:23:21 AM com.example.datecalculator.logger.AspectLogger logBeforeServiceCommand
INFO: Running method addTag with args [com.example.datecalculator.dto.TagDto@47f8b351]
апр. 26, 2024 10:23:21 AM com.example.datecalculator.logger.AspectLogger logAfterServiceCommand
INFO: Result of addTag: success 
апр. 26, 2024 2:05:44 PM com.example.datecalculator.logger.AspectLogger logBeforeServiceCommand
INFO: Running method findById with args [10]
апр. 26, 2024 2:05:44 PM com.example.datecalculator.logger.AspectLogger logAfterError
WARNING: Error while running findById with args [10]: Invalid info provided
апр. 26, 2024 2:05:44 PM com.example.datecalculator.logger.AspectLogger logAfterError
WARNING: Error while running getTagById with args [10]: Invalid info provided
апр. 26, 2024 2:46:00 PM com.example.datecalculator.logger.AspectLogger logBeforeServiceCommand
INFO: Running method addTag with args [com.example.datecalculator.dto.TagDto@a2cbaf8]
апр. 26, 2024 2:46:00 PM com.example.datecalculator.logger.AspectLogger logAfterError
WARNING: Error while running addTag with args [com.example.datecalculator.dto.TagDto@a2cbaf8]: Invalid info provided
апр. 26, 2024 2:46:00 PM com.example.datecalculator.logger.AspectLogger logAfterError
WARNING: Error while running addTag with args [com.example.datecalculator.dto.TagDto@a2cbaf8]: Invalid info provided
апр. 26, 2024 2:46:42 PM com.example.datecalculator.logger.AspectLogger logBeforeServiceCommand
INFO: Running method deleteTag with args [5]
апр. 26, 2024 2:46:42 PM com.example.datecalculator.logger.AspectLogger logAfterError
WARNING: Error while running deleteTag with args [5]: Required resources are not found
апр. 26, 2024 2:46:42 PM com.example.datecalculator.logger.AspectLogger logAfterError
WARNING: Error while running deleteTag with args [5]: Required resources are not found
апр. 26, 2024 2:48:37 PM com.example.datecalculator.logger.AspectLogger logBeforeServiceCommand
INFO: Running method getAllTags with args []
апр. 26, 2024 2:48:37 PM com.example.datecalculator.logger.AspectLogger logAfterServiceCommand
INFO: Result of getAllTags: success 
апр. 26, 2024 2:53:57 PM com.example.datecalculator.logger.AspectLogger logBeforeServiceCommand
INFO: Running method addTag with args [com.example.datecalculator.dto.TagDto@54dc77b4]
апр. 26, 2024 2:53:57 PM com.example.datecalculator.logger.AspectLogger logAfterError
WARNING: Error while running addTag with args [com.example.datecalculator.dto.TagDto@54dc77b4]: Invalid info provided
апр. 26, 2024 2:53:57 PM com.example.datecalculator.logger.AspectLogger logAfterError
WARNING: Error while running addTag with args [com.example.datecalculator.dto.TagDto@54dc77b4]: Invalid info provided
апр. 26, 2024 2:54:03 PM com.example.datecalculator.logger.AspectLogger logBeforeServiceCommand
INFO: Running method addTag with args [com.example.datecalculator.dto.TagDto@6ee906c6]
апр. 26, 2024 2:54:03 PM com.example.datecalculator.logger.AspectLogger logAfterError
WARNING: Error while running addTag with args [com.example.datecalculator.dto.TagDto@6ee906c6]: Invalid info provided
апр. 26, 2024 2:54:03 PM com.example.datecalculator.logger.AspectLogger logAfterError
WARNING: Error while running addTag with args [com.example.datecalculator.dto.TagDto@6ee906c6]: Invalid info provided
апр. 26, 2024 2:55:14 PM com.example.datecalculator.logger.AspectLogger logBeforeServiceCommand
INFO: Running method addTag with args [com.example.datecalculator.dto.TagDto@3988e1e2]
апр. 26, 2024 2:55:14 PM com.example.datecalculator.logger.AspectLogger logAfterError
WARNING: Error while running addTag with args [com.example.datecalculator.dto.TagDto@3988e1e2]: Some error on server occurred
апр. 26, 2024 2:55:14 PM com.example.datecalculator.logger.AspectLogger logAfterError
WARNING: Error while running addTag with args [com.example.datecalculator.dto.TagDto@3988e1e2]: Some error on server occurred
апр. 26, 2024 3:09:23 PM com.example.datecalculator.logger.AspectLogger logBeforeServiceCommand
INFO: Running method addTag with args [com.example.datecalculator.dto.TagDto@14e8cb83]
апр. 26, 2024 3:09:23 PM com.example.datecalculator.logger.AspectLogger logAfterServiceCommand
INFO: Result of addTag: success 
апр. 26, 2024 3:11:28 PM com.example.datecalculator.logger.AspectLogger logBeforeServiceCommand
INFO: Running method addTag with args [com.example.datecalculator.dto.TagDto@68431321]
апр. 26, 2024 3:11:28 PM com.example.datecalculator.logger.AspectLogger logAfterError
WARNING: Error while running addTag with args [com.example.datecalculator.dto.TagDto@68431321]: Some error on server occurred
апр. 26, 2024 3:11:28 PM com.example.datecalculator.logger.AspectLogger logAfterError
WARNING: Error while running addTag with args [com.example.datecalculator.dto.TagDto@68431321]: Some error on server occurred
апр. 26, 2024 3:18:10 PM com.example.datecalculator.logger.AspectLogger logBeforeServiceCommand
INFO: Running method addTag with args [com.example.datecalculator.dto.TagDto@37cc4d24]
апр. 26, 2024 3:18:10 PM com.example.datecalculator.logger.AspectLogger logAfterError
WARNING: Error while running addTag with args [com.example.datecalculator.dto.TagDto@37cc4d24]: Some error on server occurred
апр. 26, 2024 3:18:10 PM com.example.datecalculator.logger.AspectLogger logAfterError
WARNING: Error while running addTag with args [com.example.datecalculator.dto.TagDto@37cc4d24]: Some error on server occurred
апр. 26, 2024 3:19:47 PM com.example.datecalculator.logger.AspectLogger logBeforeServiceCommand
INFO: Running method getAllTags with args []
апр. 26, 2024 3:19:47 PM com.example.datecalculator.logger.AspectLogger logAfterServiceCommand
INFO: Result of getAllTags: success 
апр. 26, 2024 3:23:26 PM com.example.datecalculator.logger.AspectLogger logBeforeServiceCommand
INFO: Running method getAllTags with args []
апр. 26, 2024 3:23:27 PM com.example.datecalculator.logger.AspectLogger logAfterServiceCommand
INFO: Result of getAllTags: success 
апр. 26, 2024 3:28:36 PM com.example.datecalculator.logger.AspectLogger logBeforeServiceCommand
INFO: Running method getAllTags with args []
апр. 26, 2024 3:28:36 PM com.example.datecalculator.logger.AspectLogger logAfterServiceCommand
INFO: Result of getAllTags: success 
<?xml version="1.0" encoding="UTF-8" standalone="no"?>
<!DOCTYPE log SYSTEM "logger.dtd">
<log>
<record>
  <date>2024-04-26T12:29:53.643795800Z</date>
  <millis>1714134593643</millis>
  <nanos>795800</nanos>
  <sequence>4</sequence>
  <logger>com.example.datecalculator.logger.AspectLogger</logger>
  <level>INFO</level>
  <class>com.example.datecalculator.logger.AspectLogger</class>
  <method>logBeforeServiceCommand</method>
  <thread>61</thread>
  <message>Running method getAllTags with args []</message>
</record>
<record>
  <date>2024-04-26T12:29:53.789839800Z</date>
  <millis>1714134593789</millis>
  <nanos>839800</nanos>
  <sequence>5</sequence>
  <logger>com.example.datecalculator.logger.AspectLogger</logger>
  <level>INFO</level>
  <class>com.example.datecalculator.logger.AspectLogger</class>
  <method>logAfterServiceCommand</method>
  <thread>61</thread>
  <message>Result of getAllTags: success </message>
</record>
</log>
<?xml version="1.0" encoding="UTF-8" standalone="no"?>
<!DOCTYPE log SYSTEM "logger.dtd">
<log>
<record>
  <date>2024-04-26T12:32:41.460859500Z</date>
  <millis>1714134761460</millis>
  <nanos>859500</nanos>
  <sequence>4</sequence>
  <logger>com.example.datecalculator.logger.AspectLogger</logger>
  <level>INFO</level>
  <class>com.example.datecalculator.logger.AspectLogger</class>
  <method>logBeforeServiceCommand</method>
  <thread>63</thread>
  <message>Running method getAllTags with args []</message>
</record>
<record>
  <date>2024-04-26T12:32:41.634904600Z</date>
  <millis>1714134761634</millis>
  <nanos>904600</nanos>
  <sequence>5</sequence>
  <logger>com.example.datecalculator.logger.AspectLogger</logger>
  <level>INFO</level>
  <class>com.example.datecalculator.logger.AspectLogger</class>
  <method>logAfterServiceCommand</method>
  <thread>63</thread>
  <message>Result of getAllTags: success </message>
</record>
</log>
апр. 26, 2024 3:35:08 PM com.example.datecalculator.logger.AspectLogger logBeforeServiceCommand
INFO: Running method getAllTags with args []
апр. 26, 2024 3:35:08 PM com.example.datecalculator.logger.AspectLogger logAfterServiceCommand
INFO: Result of getAllTags: success 
апр. 26, 2024 9:43:54 PM com.example.datecalculator.logger.AspectLogger logBeforeServiceCommand
INFO: Running method getAllTags with args []
апр. 26, 2024 9:43:54 PM com.example.datecalculator.logger.AspectLogger logAfterServiceCommand
INFO: Result of getAllTags: success 
апр. 28, 2024 8:52:37 PM com.example.datecalculator.logger.AspectLogger logBeforeServiceCommand
INFO: Running method getAllTags with args []
апр. 28, 2024 8:52:37 PM com.example.datecalculator.logger.AspectLogger logAfterServiceCommand
INFO: Result of getAllTags: success 
апр. 28, 2024 8:53:55 PM com.example.datecalculator.logger.AspectLogger logBeforeServiceCommand
INFO: Running method getAllTags with args []
апр. 28, 2024 8:53:55 PM com.example.datecalculator.logger.AspectLogger logAfterServiceCommand
INFO: Result of getAllTags: success 
[28 апреля 2024 21:13:23] INFO    - Running method getAllTags with args []
[28 апреля 2024 21:13:23] INFO    - Result of getAllTags: success 
[28 апреля 2024 21:14:16] INFO   - Running method getAllTags with args []
[28 апреля 2024 21:14:16] INFO   - Result of getAllTags: success 
[28 апреля 2024 21:19:12] INFO - Running method getAllTags with args []
[28 апреля 2024 21:19:12] INFO - Result of getAllTags: success 
[29 апреля 2024 10:03:46] INFO - Running method findById with args [111]
[29 апреля 2024 10:03:46] WARNING - Error while running findById with args [111]: Invalid info provided
[29 апреля 2024 10:03:46] WARNING - Error while running getTagById with args [111]: Invalid info provided
[29 апреля 2024 11:49:08] INFO - Running method addUsers with args [[com.example.datecalculator.dto.UserDto@706ddd8b, com.example.datecalculator.dto.UserDto@6ceccf9f]]
[29 апреля 2024 11:49:08] INFO - Result of addUsers: success 
[29 апреля 2024 11:49:37] INFO - Running method getAllUsers with args []
[29 апреля 2024 11:49:38] INFO - Result of getAllUsers: success 
[29 апреля 2024 11:50:28] INFO - Running method addUser with args [com.example.datecalculator.dto.UserDto@d1b2343]
[29 апреля 2024 11:50:28] INFO - Result of addUser: success 
[29 апреля 2024 11:52:19] INFO - Running method deleteUser with args [5]
[29 апреля 2024 11:52:19] INFO - Result of deleteUser: success 
[29 апреля 2024 11:52:24] INFO - Running method deleteUser with args [6]
[29 апреля 2024 11:52:24] INFO - Result of deleteUser: success 
[29 апреля 2024 11:52:29] INFO - Running method getAllUsers with args []
[29 апреля 2024 11:52:29] INFO - Result of getAllUsers: success 
[29 апреля 2024 11:52:45] INFO - Running method addUsers with args [[com.example.datecalculator.dto.UserDto@71b6406d, com.example.datecalculator.dto.UserDto@558fa036]]
[29 апреля 2024 11:52:45] INFO - Result of addUsers: success 
[29 апреля 2024 11:52:55] INFO - Running method getAllUsers with args []
[29 апреля 2024 11:52:55] INFO - Result of getAllUsers: success 
[29 апреля 2024 22:46:50] INFO - Running method getAllUsers with args []
[29 апреля 2024 22:46:50] INFO - Result of getAllUsers: success 
[29 апреля 2024 22:47:12] INFO - Running method deleteUser with args [7]
[29 апреля 2024 22:47:12] INFO - Result of deleteUser: success 
[29 апреля 2024 22:47:16] INFO - Running method deleteUser with args [8]
[29 апреля 2024 22:47:16] INFO - Result of deleteUser: success 
[29 апреля 2024 22:47:21] INFO - Running method deleteUser with args [9]
[29 апреля 2024 22:47:21] INFO - Result of deleteUser: success 
[29 апреля 2024 22:50:07] INFO - Running method addUsers with args [[com.example.datecalculator.dto.UserDto@1bf5ad06, com.example.datecalculator.dto.UserDto@3cfd8daf]]
[29 апреля 2024 22:50:07] INFO - Result of addUsers: success 
[29 апреля 2024 22:50:14] INFO - Running method getAllUsers with args []
[29 апреля 2024 22:50:14] INFO - Result of getAllUsers: success 
[29 апреля 2024 23:18:38] INFO - Running method deleteUser with args [10]
[29 апреля 2024 23:18:38] INFO - Result of deleteUser: success 
[29 апреля 2024 23:18:43] INFO - Running method deleteUser with args [11]
[29 апреля 2024 23:18:43] INFO - Result of deleteUser: success 
[29 апреля 2024 23:18:49] INFO - Running method addUsers with args [[com.example.datecalculator.dto.UserDto@1a6f8b6f, com.example.datecalculator.dto.UserDto@694a0fe0]]
[29 апреля 2024 23:18:49] INFO - Result of addUsers: success 
[29 апреля 2024 23:19:02] INFO - Running method getAllUsers with args []
[29 апреля 2024 23:19:03] INFO - Result of getAllUsers: success 
[29 апреля 2024 23:27:20] INFO - Running method deleteUser with args [12]
[29 апреля 2024 23:27:20] INFO - Result of deleteUser: success 
[29 апреля 2024 23:27:22] INFO - Running method deleteUser with args [13]
[29 апреля 2024 23:27:22] INFO - Result of deleteUser: success 
[29 апреля 2024 23:27:29] INFO - Running method addUsers with args [[com.example.datecalculator.dto.UserDto@78a4066b, com.example.datecalculator.dto.UserDto@7dc6ec68]]
[29 апреля 2024 23:27:29] INFO - Result of addUsers: success 
[29 апреля 2024 23:27:41] INFO - Running method getAllUsers with args []
[29 апреля 2024 23:27:41] INFO - Result of getAllUsers: success 
[29 апреля 2024 23:29:46] INFO - Running method addUsers with args [[com.example.datecalculator.dto.UserDto@739b8ca4, com.example.datecalculator.dto.UserDto@1123879e]]
[29 апреля 2024 23:29:46] INFO - Result of addUsers: success 
[29 апреля 2024 23:30:00] INFO - Running method deleteUser with args [16]
[29 апреля 2024 23:30:00] INFO - Result of deleteUser: success 
[29 апреля 2024 23:30:05] INFO - Running method deleteUser with args [17]
[29 апреля 2024 23:30:05] INFO - Result of deleteUser: success 
[02 мая 2024 15:01:18] INFO - Running method addUsers with args [[com.example.datecalculator.dto.UserDto@5501d3e3, com.example.datecalculator.dto.UserDto@c8fef31]]
[02 мая 2024 15:01:18] INFO - Result of addUsers: success 
[02 мая 2024 17:24:32] INFO - Running method getAllUsers with args []
[02 мая 2024 17:24:33] INFO - Result of getAllUsers: success 
[02 мая 2024 17:24:41] INFO - Running method deleteUser with args [18]
[02 мая 2024 17:24:41] INFO - Result of deleteUser: success 
[02 мая 2024 17:24:46] INFO - Running method deleteUser with args [19]
[02 мая 2024 17:24:46] INFO - Result of deleteUser: success 
